<?xml version="1.0" encoding="UTF-8"?>
<testng-results skipped="0" failed="4" ignored="0" total="9" passed="5">
  <reporter-output>
  </reporter-output>
  <suite name="Default suite" duration-ms="489773" started-at="2019-06-06T13:58:40Z" finished-at="2019-06-06T14:06:50Z">
    <groups>
    </groups>
    <test name="Default test" duration-ms="489773" started-at="2019-06-06T13:58:40Z" finished-at="2019-06-06T14:06:50Z">
      <class name="com.qa.tests.AddCarTest">
        <test-method status="PASS" signature="setUP()[pri:0, instance:com.qa.tests.AddCarTest@77caeb3e]" name="setUP" is-config="true" duration-ms="14724" started-at="2019-06-06T19:28:40Z" finished-at="2019-06-06T19:28:55Z">
          <reporter-output>
          </reporter-output>
        </test-method> <!-- setUP -->
        <test-method status="PASS" signature="verifySelctCategory()[pri:1, instance:com.qa.tests.AddCarTest@77caeb3e]" name="verifySelctCategory" duration-ms="13393" started-at="2019-06-06T19:28:55Z" finished-at="2019-06-06T19:29:08Z">
          <reporter-output>
          </reporter-output>
        </test-method> <!-- verifySelctCategory -->
        <test-method status="PASS" signature="tearDown()[pri:0, instance:com.qa.tests.AddCarTest@77caeb3e]" name="tearDown" is-config="true" duration-ms="678" started-at="2019-06-06T19:29:08Z" finished-at="2019-06-06T19:29:09Z">
          <reporter-output>
          </reporter-output>
        </test-method> <!-- tearDown -->
        <test-method status="PASS" signature="setUP()[pri:0, instance:com.qa.tests.AddCarTest@77caeb3e]" name="setUP" is-config="true" duration-ms="15562" started-at="2019-06-06T19:29:09Z" finished-at="2019-06-06T19:29:24Z">
          <reporter-output>
          </reporter-output>
        </test-method> <!-- setUP -->
        <test-method status="PASS" signature="verifySelctFuel()[pri:2, instance:com.qa.tests.AddCarTest@77caeb3e]" name="verifySelctFuel" duration-ms="15271" started-at="2019-06-06T19:29:24Z" finished-at="2019-06-06T19:29:39Z">
          <reporter-output>
          </reporter-output>
        </test-method> <!-- verifySelctFuel -->
        <test-method status="PASS" signature="tearDown()[pri:0, instance:com.qa.tests.AddCarTest@77caeb3e]" name="tearDown" is-config="true" duration-ms="668" started-at="2019-06-06T19:29:39Z" finished-at="2019-06-06T19:29:40Z">
          <reporter-output>
          </reporter-output>
        </test-method> <!-- tearDown -->
        <test-method status="PASS" signature="setUP()[pri:0, instance:com.qa.tests.AddCarTest@77caeb3e]" name="setUP" is-config="true" duration-ms="30386" started-at="2019-06-06T19:29:40Z" finished-at="2019-06-06T19:30:11Z">
          <reporter-output>
          </reporter-output>
        </test-method> <!-- setUP -->
        <test-method status="PASS" signature="verifySelctYear()[pri:3, instance:com.qa.tests.AddCarTest@77caeb3e]" name="verifySelctYear" duration-ms="17787" started-at="2019-06-06T19:30:11Z" finished-at="2019-06-06T19:30:28Z">
          <reporter-output>
          </reporter-output>
        </test-method> <!-- verifySelctYear -->
        <test-method status="PASS" signature="tearDown()[pri:0, instance:com.qa.tests.AddCarTest@77caeb3e]" name="tearDown" is-config="true" duration-ms="671" started-at="2019-06-06T19:30:28Z" finished-at="2019-06-06T19:30:29Z">
          <reporter-output>
          </reporter-output>
        </test-method> <!-- tearDown -->
        <test-method status="PASS" signature="setUP()[pri:0, instance:com.qa.tests.AddCarTest@77caeb3e]" name="setUP" is-config="true" duration-ms="11904" started-at="2019-06-06T19:30:29Z" finished-at="2019-06-06T19:30:41Z">
          <reporter-output>
          </reporter-output>
        </test-method> <!-- setUP -->
        <test-method status="PASS" signature="verifySelctMake()[pri:4, instance:com.qa.tests.AddCarTest@77caeb3e]" name="verifySelctMake" duration-ms="20540" started-at="2019-06-06T19:30:41Z" finished-at="2019-06-06T19:31:01Z">
          <reporter-output>
          </reporter-output>
        </test-method> <!-- verifySelctMake -->
        <test-method status="PASS" signature="tearDown()[pri:0, instance:com.qa.tests.AddCarTest@77caeb3e]" name="tearDown" is-config="true" duration-ms="660" started-at="2019-06-06T19:31:01Z" finished-at="2019-06-06T19:31:02Z">
          <reporter-output>
          </reporter-output>
        </test-method> <!-- tearDown -->
        <test-method status="PASS" signature="setUP()[pri:0, instance:com.qa.tests.AddCarTest@77caeb3e]" name="setUP" is-config="true" duration-ms="13073" started-at="2019-06-06T19:31:02Z" finished-at="2019-06-06T19:31:15Z">
          <reporter-output>
          </reporter-output>
        </test-method> <!-- setUP -->
        <test-method status="PASS" signature="verifySelctModel()[pri:5, instance:com.qa.tests.AddCarTest@77caeb3e]" name="verifySelctModel" duration-ms="21900" started-at="2019-06-06T19:31:15Z" finished-at="2019-06-06T19:31:37Z">
          <reporter-output>
          </reporter-output>
        </test-method> <!-- verifySelctModel -->
        <test-method status="PASS" signature="tearDown()[pri:0, instance:com.qa.tests.AddCarTest@77caeb3e]" name="tearDown" is-config="true" duration-ms="674" started-at="2019-06-06T19:31:37Z" finished-at="2019-06-06T19:31:38Z">
          <reporter-output>
          </reporter-output>
        </test-method> <!-- tearDown -->
        <test-method status="PASS" signature="setUP()[pri:0, instance:com.qa.tests.AddCarTest@77caeb3e]" name="setUP" is-config="true" duration-ms="12133" started-at="2019-06-06T19:31:38Z" finished-at="2019-06-06T19:31:50Z">
          <reporter-output>
          </reporter-output>
        </test-method> <!-- setUP -->
        <test-method status="FAIL" signature="verifySelctTrim()[pri:6, instance:com.qa.tests.AddCarTest@77caeb3e]" name="verifySelctTrim" duration-ms="62814" started-at="2019-06-06T19:31:50Z" finished-at="2019-06-06T19:32:53Z">
          <exception class="org.openqa.selenium.NoSuchElementException">
            <message>
              <![CDATA[Cannot locate element with text: Spider Pininfarina
For documentation on this error, please visit: http://seleniumhq.org/exceptions/no_such_element.html
Build info: version: '3.14.0', revision: 'aacccce0', time: '2018-08-02T20:19:58.91Z'
System info: host: 'SOURCEANDROID', ip: '192.168.136.2', os.name: 'Windows 8.1', os.arch: 'amd64', os.version: '6.3', java.version: '1.8.0_131'
Driver info: driver.version: unknown]]>
            </message>
            <full-stacktrace>
              <![CDATA[org.openqa.selenium.NoSuchElementException: Cannot locate element with text: Spider Pininfarina
For documentation on this error, please visit: http://seleniumhq.org/exceptions/no_such_element.html
Build info: version: '3.14.0', revision: 'aacccce0', time: '2018-08-02T20:19:58.91Z'
System info: host: 'SOURCEANDROID', ip: '192.168.136.2', os.name: 'Windows 8.1', os.arch: 'amd64', os.version: '6.3', java.version: '1.8.0_131'
Driver info: driver.version: unknown
	at org.openqa.selenium.support.ui.Select.selectByVisibleText(Select.java:151)
	at com.qa.pages.AddCarPage.selectTrim(AddCarPage.java:93)
	at com.qa.tests.AddCarTest.verifySelctTrim(AddCarTest.java:141)
	at sun.reflect.NativeMethodAccessorImpl.invoke0(Native Method)
	at sun.reflect.NativeMethodAccessorImpl.invoke(Unknown Source)
	at sun.reflect.DelegatingMethodAccessorImpl.invoke(Unknown Source)
	at java.lang.reflect.Method.invoke(Unknown Source)
	at org.testng.internal.MethodInvocationHelper.invokeMethod(MethodInvocationHelper.java:108)
	at org.testng.internal.Invoker.invokeMethod(Invoker.java:661)
	at org.testng.internal.Invoker.invokeTestMethod(Invoker.java:869)
	at org.testng.internal.Invoker.invokeTestMethods(Invoker.java:1193)
	at org.testng.internal.TestMethodWorker.invokeTestMethods(TestMethodWorker.java:126)
	at org.testng.internal.TestMethodWorker.run(TestMethodWorker.java:109)
	at org.testng.TestRunner.privateRun(TestRunner.java:744)
	at org.testng.TestRunner.run(TestRunner.java:602)
	at org.testng.SuiteRunner.runTest(SuiteRunner.java:380)
	at org.testng.SuiteRunner.runSequentially(SuiteRunner.java:375)
	at org.testng.SuiteRunner.privateRun(SuiteRunner.java:340)
	at org.testng.SuiteRunner.run(SuiteRunner.java:289)
	at org.testng.SuiteRunnerWorker.runSuite(SuiteRunnerWorker.java:52)
	at org.testng.SuiteRunnerWorker.run(SuiteRunnerWorker.java:86)
	at org.testng.TestNG.runSuitesSequentially(TestNG.java:1301)
	at org.testng.TestNG.runSuitesLocally(TestNG.java:1226)
	at org.testng.TestNG.runSuites(TestNG.java:1144)
	at org.testng.TestNG.run(TestNG.java:1115)
	at org.testng.remote.AbstractRemoteTestNG.run(AbstractRemoteTestNG.java:114)
	at org.testng.remote.RemoteTestNG.initAndRun(RemoteTestNG.java:251)
	at org.testng.remote.RemoteTestNG.main(RemoteTestNG.java:77)
]]>
            </full-stacktrace>
          </exception> <!-- org.openqa.selenium.NoSuchElementException -->
          <reporter-output>
          </reporter-output>
        </test-method> <!-- verifySelctTrim -->
        <test-method status="PASS" signature="tearDown()[pri:0, instance:com.qa.tests.AddCarTest@77caeb3e]" name="tearDown" is-config="true" duration-ms="658" started-at="2019-06-06T19:32:53Z" finished-at="2019-06-06T19:32:53Z">
          <reporter-output>
          </reporter-output>
        </test-method> <!-- tearDown -->
        <test-method status="PASS" signature="setUP()[pri:0, instance:com.qa.tests.AddCarTest@77caeb3e]" name="setUP" is-config="true" duration-ms="11481" started-at="2019-06-06T19:32:53Z" finished-at="2019-06-06T19:33:05Z">
          <reporter-output>
          </reporter-output>
        </test-method> <!-- setUP -->
        <test-method status="FAIL" signature="verifyEnterAdvName()[pri:7, instance:com.qa.tests.AddCarTest@77caeb3e]" name="verifyEnterAdvName" duration-ms="62801" started-at="2019-06-06T19:33:05Z" finished-at="2019-06-06T19:34:08Z">
          <exception class="org.openqa.selenium.NoSuchElementException">
            <message>
              <![CDATA[Cannot locate element with text: Spider Pininfarina
For documentation on this error, please visit: http://seleniumhq.org/exceptions/no_such_element.html
Build info: version: '3.14.0', revision: 'aacccce0', time: '2018-08-02T20:19:58.91Z'
System info: host: 'SOURCEANDROID', ip: '192.168.136.2', os.name: 'Windows 8.1', os.arch: 'amd64', os.version: '6.3', java.version: '1.8.0_131'
Driver info: driver.version: unknown]]>
            </message>
            <full-stacktrace>
              <![CDATA[org.openqa.selenium.NoSuchElementException: Cannot locate element with text: Spider Pininfarina
For documentation on this error, please visit: http://seleniumhq.org/exceptions/no_such_element.html
Build info: version: '3.14.0', revision: 'aacccce0', time: '2018-08-02T20:19:58.91Z'
System info: host: 'SOURCEANDROID', ip: '192.168.136.2', os.name: 'Windows 8.1', os.arch: 'amd64', os.version: '6.3', java.version: '1.8.0_131'
Driver info: driver.version: unknown
	at org.openqa.selenium.support.ui.Select.selectByVisibleText(Select.java:151)
	at com.qa.pages.AddCarPage.selectTrim(AddCarPage.java:93)
	at com.qa.tests.AddCarTest.verifyEnterAdvName(AddCarTest.java:164)
	at sun.reflect.NativeMethodAccessorImpl.invoke0(Native Method)
	at sun.reflect.NativeMethodAccessorImpl.invoke(Unknown Source)
	at sun.reflect.DelegatingMethodAccessorImpl.invoke(Unknown Source)
	at java.lang.reflect.Method.invoke(Unknown Source)
	at org.testng.internal.MethodInvocationHelper.invokeMethod(MethodInvocationHelper.java:108)
	at org.testng.internal.Invoker.invokeMethod(Invoker.java:661)
	at org.testng.internal.Invoker.invokeTestMethod(Invoker.java:869)
	at org.testng.internal.Invoker.invokeTestMethods(Invoker.java:1193)
	at org.testng.internal.TestMethodWorker.invokeTestMethods(TestMethodWorker.java:126)
	at org.testng.internal.TestMethodWorker.run(TestMethodWorker.java:109)
	at org.testng.TestRunner.privateRun(TestRunner.java:744)
	at org.testng.TestRunner.run(TestRunner.java:602)
	at org.testng.SuiteRunner.runTest(SuiteRunner.java:380)
	at org.testng.SuiteRunner.runSequentially(SuiteRunner.java:375)
	at org.testng.SuiteRunner.privateRun(SuiteRunner.java:340)
	at org.testng.SuiteRunner.run(SuiteRunner.java:289)
	at org.testng.SuiteRunnerWorker.runSuite(SuiteRunnerWorker.java:52)
	at org.testng.SuiteRunnerWorker.run(SuiteRunnerWorker.java:86)
	at org.testng.TestNG.runSuitesSequentially(TestNG.java:1301)
	at org.testng.TestNG.runSuitesLocally(TestNG.java:1226)
	at org.testng.TestNG.runSuites(TestNG.java:1144)
	at org.testng.TestNG.run(TestNG.java:1115)
	at org.testng.remote.AbstractRemoteTestNG.run(AbstractRemoteTestNG.java:114)
	at org.testng.remote.RemoteTestNG.initAndRun(RemoteTestNG.java:251)
	at org.testng.remote.RemoteTestNG.main(RemoteTestNG.java:77)
]]>
            </full-stacktrace>
          </exception> <!-- org.openqa.selenium.NoSuchElementException -->
          <reporter-output>
          </reporter-output>
        </test-method> <!-- verifyEnterAdvName -->
        <test-method status="PASS" signature="tearDown()[pri:0, instance:com.qa.tests.AddCarTest@77caeb3e]" name="tearDown" is-config="true" duration-ms="676" started-at="2019-06-06T19:34:08Z" finished-at="2019-06-06T19:34:08Z">
          <reporter-output>
          </reporter-output>
        </test-method> <!-- tearDown -->
        <test-method status="PASS" signature="setUP()[pri:0, instance:com.qa.tests.AddCarTest@77caeb3e]" name="setUP" is-config="true" duration-ms="17360" started-at="2019-06-06T19:34:08Z" finished-at="2019-06-06T19:34:26Z">
          <reporter-output>
          </reporter-output>
        </test-method> <!-- setUP -->
        <test-method status="FAIL" signature="verifyEnterSelling()[pri:8, instance:com.qa.tests.AddCarTest@77caeb3e]" name="verifyEnterSelling" duration-ms="63157" started-at="2019-06-06T19:34:26Z" finished-at="2019-06-06T19:35:29Z">
          <exception class="org.openqa.selenium.NoSuchElementException">
            <message>
              <![CDATA[Cannot locate element with text: Spider Pininfarina
For documentation on this error, please visit: http://seleniumhq.org/exceptions/no_such_element.html
Build info: version: '3.14.0', revision: 'aacccce0', time: '2018-08-02T20:19:58.91Z'
System info: host: 'SOURCEANDROID', ip: '192.168.136.2', os.name: 'Windows 8.1', os.arch: 'amd64', os.version: '6.3', java.version: '1.8.0_131'
Driver info: driver.version: unknown]]>
            </message>
            <full-stacktrace>
              <![CDATA[org.openqa.selenium.NoSuchElementException: Cannot locate element with text: Spider Pininfarina
For documentation on this error, please visit: http://seleniumhq.org/exceptions/no_such_element.html
Build info: version: '3.14.0', revision: 'aacccce0', time: '2018-08-02T20:19:58.91Z'
System info: host: 'SOURCEANDROID', ip: '192.168.136.2', os.name: 'Windows 8.1', os.arch: 'amd64', os.version: '6.3', java.version: '1.8.0_131'
Driver info: driver.version: unknown
	at org.openqa.selenium.support.ui.Select.selectByVisibleText(Select.java:151)
	at com.qa.pages.AddCarPage.selectTrim(AddCarPage.java:93)
	at com.qa.tests.AddCarTest.verifyEnterSelling(AddCarTest.java:189)
	at sun.reflect.NativeMethodAccessorImpl.invoke0(Native Method)
	at sun.reflect.NativeMethodAccessorImpl.invoke(Unknown Source)
	at sun.reflect.DelegatingMethodAccessorImpl.invoke(Unknown Source)
	at java.lang.reflect.Method.invoke(Unknown Source)
	at org.testng.internal.MethodInvocationHelper.invokeMethod(MethodInvocationHelper.java:108)
	at org.testng.internal.Invoker.invokeMethod(Invoker.java:661)
	at org.testng.internal.Invoker.invokeTestMethod(Invoker.java:869)
	at org.testng.internal.Invoker.invokeTestMethods(Invoker.java:1193)
	at org.testng.internal.TestMethodWorker.invokeTestMethods(TestMethodWorker.java:126)
	at org.testng.internal.TestMethodWorker.run(TestMethodWorker.java:109)
	at org.testng.TestRunner.privateRun(TestRunner.java:744)
	at org.testng.TestRunner.run(TestRunner.java:602)
	at org.testng.SuiteRunner.runTest(SuiteRunner.java:380)
	at org.testng.SuiteRunner.runSequentially(SuiteRunner.java:375)
	at org.testng.SuiteRunner.privateRun(SuiteRunner.java:340)
	at org.testng.SuiteRunner.run(SuiteRunner.java:289)
	at org.testng.SuiteRunnerWorker.runSuite(SuiteRunnerWorker.java:52)
	at org.testng.SuiteRunnerWorker.run(SuiteRunnerWorker.java:86)
	at org.testng.TestNG.runSuitesSequentially(TestNG.java:1301)
	at org.testng.TestNG.runSuitesLocally(TestNG.java:1226)
	at org.testng.TestNG.runSuites(TestNG.java:1144)
	at org.testng.TestNG.run(TestNG.java:1115)
	at org.testng.remote.AbstractRemoteTestNG.run(AbstractRemoteTestNG.java:114)
	at org.testng.remote.RemoteTestNG.initAndRun(RemoteTestNG.java:251)
	at org.testng.remote.RemoteTestNG.main(RemoteTestNG.java:77)
]]>
            </full-stacktrace>
          </exception> <!-- org.openqa.selenium.NoSuchElementException -->
          <reporter-output>
          </reporter-output>
        </test-method> <!-- verifyEnterSelling -->
        <test-method status="PASS" signature="tearDown()[pri:0, instance:com.qa.tests.AddCarTest@77caeb3e]" name="tearDown" is-config="true" duration-ms="672" started-at="2019-06-06T19:35:29Z" finished-at="2019-06-06T19:35:29Z">
          <reporter-output>
          </reporter-output>
        </test-method> <!-- tearDown -->
        <test-method status="PASS" signature="setUP()[pri:0, instance:com.qa.tests.AddCarTest@77caeb3e]" name="setUP" is-config="true" duration-ms="17241" started-at="2019-06-06T19:35:29Z" finished-at="2019-06-06T19:35:47Z">
          <reporter-output>
          </reporter-output>
        </test-method> <!-- setUP -->
        <test-method status="FAIL" signature="verifyTransmission()[pri:9, instance:com.qa.tests.AddCarTest@77caeb3e]" name="verifyTransmission" duration-ms="62169" started-at="2019-06-06T19:35:47Z" finished-at="2019-06-06T19:36:49Z">
          <exception class="org.openqa.selenium.NoSuchElementException">
            <message>
              <![CDATA[Cannot locate element with text: Spider Pininfarina
For documentation on this error, please visit: http://seleniumhq.org/exceptions/no_such_element.html
Build info: version: '3.14.0', revision: 'aacccce0', time: '2018-08-02T20:19:58.91Z'
System info: host: 'SOURCEANDROID', ip: '192.168.136.2', os.name: 'Windows 8.1', os.arch: 'amd64', os.version: '6.3', java.version: '1.8.0_131'
Driver info: driver.version: unknown]]>
            </message>
            <full-stacktrace>
              <![CDATA[org.openqa.selenium.NoSuchElementException: Cannot locate element with text: Spider Pininfarina
For documentation on this error, please visit: http://seleniumhq.org/exceptions/no_such_element.html
Build info: version: '3.14.0', revision: 'aacccce0', time: '2018-08-02T20:19:58.91Z'
System info: host: 'SOURCEANDROID', ip: '192.168.136.2', os.name: 'Windows 8.1', os.arch: 'amd64', os.version: '6.3', java.version: '1.8.0_131'
Driver info: driver.version: unknown
	at org.openqa.selenium.support.ui.Select.selectByVisibleText(Select.java:151)
	at com.qa.pages.AddCarPage.selectTrim(AddCarPage.java:93)
	at com.qa.tests.AddCarTest.verifyTransmission(AddCarTest.java:216)
	at sun.reflect.NativeMethodAccessorImpl.invoke0(Native Method)
	at sun.reflect.NativeMethodAccessorImpl.invoke(Unknown Source)
	at sun.reflect.DelegatingMethodAccessorImpl.invoke(Unknown Source)
	at java.lang.reflect.Method.invoke(Unknown Source)
	at org.testng.internal.MethodInvocationHelper.invokeMethod(MethodInvocationHelper.java:108)
	at org.testng.internal.Invoker.invokeMethod(Invoker.java:661)
	at org.testng.internal.Invoker.invokeTestMethod(Invoker.java:869)
	at org.testng.internal.Invoker.invokeTestMethods(Invoker.java:1193)
	at org.testng.internal.TestMethodWorker.invokeTestMethods(TestMethodWorker.java:126)
	at org.testng.internal.TestMethodWorker.run(TestMethodWorker.java:109)
	at org.testng.TestRunner.privateRun(TestRunner.java:744)
	at org.testng.TestRunner.run(TestRunner.java:602)
	at org.testng.SuiteRunner.runTest(SuiteRunner.java:380)
	at org.testng.SuiteRunner.runSequentially(SuiteRunner.java:375)
	at org.testng.SuiteRunner.privateRun(SuiteRunner.java:340)
	at org.testng.SuiteRunner.run(SuiteRunner.java:289)
	at org.testng.SuiteRunnerWorker.runSuite(SuiteRunnerWorker.java:52)
	at org.testng.SuiteRunnerWorker.run(SuiteRunnerWorker.java:86)
	at org.testng.TestNG.runSuitesSequentially(TestNG.java:1301)
	at org.testng.TestNG.runSuitesLocally(TestNG.java:1226)
	at org.testng.TestNG.runSuites(TestNG.java:1144)
	at org.testng.TestNG.run(TestNG.java:1115)
	at org.testng.remote.AbstractRemoteTestNG.run(AbstractRemoteTestNG.java:114)
	at org.testng.remote.RemoteTestNG.initAndRun(RemoteTestNG.java:251)
	at org.testng.remote.RemoteTestNG.main(RemoteTestNG.java:77)
]]>
            </full-stacktrace>
          </exception> <!-- org.openqa.selenium.NoSuchElementException -->
          <reporter-output>
          </reporter-output>
        </test-method> <!-- verifyTransmission -->
        <test-method status="PASS" signature="tearDown()[pri:0, instance:com.qa.tests.AddCarTest@77caeb3e]" name="tearDown" is-config="true" duration-ms="657" started-at="2019-06-06T19:36:49Z" finished-at="2019-06-06T19:36:50Z">
          <reporter-output>
          </reporter-output>
        </test-method> <!-- tearDown -->
      </class> <!-- com.qa.tests.AddCarTest -->
    </test> <!-- Default test -->
  </suite> <!-- Default suite -->
</testng-results>
